host: work
comment: cirled buffer(20), 4 download threads.
real    8m56.892s
user    0m3.596s
sys     0m3.468s

host: work
comment: cirled buffer with window(20), 4 download threads.
real    9m9.864s
user    0m3.508s
sys     0m3.584s

host: work
comment: cirled buffer with window(20), 4 download threads.
real    8m41.674s
user    0m3.540s
sys     0m3.540s

host: work
comment: cirled buffer with window(80), 4 download threads.
real    8m46.661s
user    0m3.592s
sys     0m3.592s

host: work
comment: cirled buffer with window(80), 4 download threads.
real    9m16.870s
user    0m3.576s
sys     0m3.604s

host: work
comment: cirled buffer with window(80), 3 download threads.
real    11m19.777s
user    0m3.728s
sys     0m3.944s

host: work
comment: cirled buffer with window(80), 5 download threads.
comment: Add atomic totalCountOfDownloaded pages and new atomic exit condition
real    9m51.215s
user    0m3.572s
sys     0m3.780s

host: work
comment: cirled buffer with window(80), 5 download threads.
comment: Add atomic totalCountOfDownloaded pages and new atomic exit condition
real    9m3.615s
user    0m3.712s
sys     0m4.080s

host: work
comment: cirled buffer with window(80), 5 download threads.
levels: 2
real    0m5.605s
user    0m0.124s
sys     0m0.088s

host: work
comment: cirled buffer with window(80), 4 download threads.
levels: 2
real    0m5.481s
user    0m0.112s
sys     0m0.088s

host: work
comment: cirled buffer with window(80), 4 download threads.
comment: TCrawler in action.
levels: 3
real    8m7.506s
user    0m3.548s
sys     0m3.404s

host: work
comment: TSimplCrawler in action. First implementation.
levels: 2
real    0m18.794s
user    0m0.088s
sys     0m0.080s

host: work
comment: cirled buffer with window(80), 4 download threads.
comment: TCrawler in action, add polymorphism for set.
levels: 2
real    0m5.588s
user    0m0.116s
sys     0m0.072s

host: work
comment: TSimplCrawler in action. Set without mutexes.
levels: 2
real    0m18.762s
user    0m0.120s
sys     0m0.044s
